  Source.cpp
C:\Proga for BSU\BSU-SecondTerm\HW 17.03.2022\Project1\Source.cpp(8,2): error C4235: использовано нестандартное расширение: ключевое слово "__asm" данной архитектурой не поддерживается
C:\Proga for BSU\BSU-SecondTerm\HW 17.03.2022\Project1\Source.cpp(9,3): error C2065: mov: необъявленный идентификатор
C:\Proga for BSU\BSU-SecondTerm\HW 17.03.2022\Project1\Source.cpp(9,7): error C2146: синтаксическая ошибка: отсутствие ";" перед идентификатором "eax"
C:\Proga for BSU\BSU-SecondTerm\HW 17.03.2022\Project1\Source.cpp(9,7): error C2065: eax: необъявленный идентификатор
C:\Proga for BSU\BSU-SecondTerm\HW 17.03.2022\Project1\Source.cpp(10,3): error C2146: синтаксическая ошибка: отсутствие ";" перед идентификатором "cmp"
C:\Proga for BSU\BSU-SecondTerm\HW 17.03.2022\Project1\Source.cpp(10,3): error C2065: cmp: необъявленный идентификатор
C:\Proga for BSU\BSU-SecondTerm\HW 17.03.2022\Project1\Source.cpp(10,7): error C2146: синтаксическая ошибка: отсутствие ";" перед идентификатором "eax"
C:\Proga for BSU\BSU-SecondTerm\HW 17.03.2022\Project1\Source.cpp(10,7): error C2065: eax: необъявленный идентификатор
C:\Proga for BSU\BSU-SecondTerm\HW 17.03.2022\Project1\Source.cpp(11,3): error C2146: синтаксическая ошибка: отсутствие ";" перед идентификатором "jne"
C:\Proga for BSU\BSU-SecondTerm\HW 17.03.2022\Project1\Source.cpp(10,27): warning C4552: "!=": результат выражения не используется
C:\Proga for BSU\BSU-SecondTerm\HW 17.03.2022\Project1\Source.cpp(11,3): error C2065: jne: необъявленный идентификатор
C:\Proga for BSU\BSU-SecondTerm\HW 17.03.2022\Project1\Source.cpp(11,14): error C2059: синтаксическая ошибка: ;
C:\Proga for BSU\BSU-SecondTerm\HW 17.03.2022\Project1\Source.cpp(11,16): error C2065: jump: необъявленный идентификатор
C:\Proga for BSU\BSU-SecondTerm\HW 17.03.2022\Project1\Source.cpp(11,22): error C2146: синтаксическая ошибка: отсутствие ";" перед идентификатором "den"
C:\Proga for BSU\BSU-SecondTerm\HW 17.03.2022\Project1\Source.cpp(11,22): error C2065: den: необъявленный идентификатор
C:\Proga for BSU\BSU-SecondTerm\HW 17.03.2022\Project1\Source.cpp(11,29): error C2065: num: необъявленный идентификатор
C:\Proga for BSU\BSU-SecondTerm\HW 17.03.2022\Project1\Source.cpp(12,4): error C2146: синтаксическая ошибка: отсутствие ";" перед идентификатором "mov"
C:\Proga for BSU\BSU-SecondTerm\HW 17.03.2022\Project1\Source.cpp(12,4): error C2065: mov: необъявленный идентификатор
C:\Proga for BSU\BSU-SecondTerm\HW 17.03.2022\Project1\Source.cpp(12,8): error C2146: синтаксическая ошибка: отсутствие ";" перед идентификатором "eax"
C:\Proga for BSU\BSU-SecondTerm\HW 17.03.2022\Project1\Source.cpp(12,8): error C2065: eax: необъявленный идентификатор
C:\Proga for BSU\BSU-SecondTerm\HW 17.03.2022\Project1\Source.cpp(13,4): error C2146: синтаксическая ошибка: отсутствие ";" перед идентификатором "cdq"
C:\Proga for BSU\BSU-SecondTerm\HW 17.03.2022\Project1\Source.cpp(13,4): error C2065: cdq: необъявленный идентификатор
C:\Proga for BSU\BSU-SecondTerm\HW 17.03.2022\Project1\Source.cpp(14,4): error C2146: синтаксическая ошибка: отсутствие ";" перед идентификатором "idiv"
C:\Proga for BSU\BSU-SecondTerm\HW 17.03.2022\Project1\Source.cpp(14,4): error C2065: idiv: необъявленный идентификатор
C:\Proga for BSU\BSU-SecondTerm\HW 17.03.2022\Project1\Source.cpp(14,9): error C2146: синтаксическая ошибка: отсутствие ";" перед идентификатором "numer_"
C:\Proga for BSU\BSU-SecondTerm\HW 17.03.2022\Project1\Source.cpp(15,4): error C2146: синтаксическая ошибка: отсутствие ";" перед идентификатором "mov"
C:\Proga for BSU\BSU-SecondTerm\HW 17.03.2022\Project1\Source.cpp(15,4): error C2065: mov: необъявленный идентификатор
C:\Proga for BSU\BSU-SecondTerm\HW 17.03.2022\Project1\Source.cpp(15,8): error C2146: синтаксическая ошибка: отсутствие ";" перед идентификатором "numer_"
C:\Proga for BSU\BSU-SecondTerm\HW 17.03.2022\Project1\Source.cpp(15,16): error C2065: eax: необъявленный идентификатор
C:\Proga for BSU\BSU-SecondTerm\HW 17.03.2022\Project1\Source.cpp(15,21): error C2065: numer: необъявленный идентификатор
C:\Proga for BSU\BSU-SecondTerm\HW 17.03.2022\Project1\Source.cpp(16,4): error C2146: синтаксическая ошибка: отсутствие ";" перед идентификатором "mov"
C:\Proga for BSU\BSU-SecondTerm\HW 17.03.2022\Project1\Source.cpp(16,4): error C2065: mov: необъявленный идентификатор
C:\Proga for BSU\BSU-SecondTerm\HW 17.03.2022\Project1\Source.cpp(16,8): error C2146: синтаксическая ошибка: отсутствие ";" перед идентификатором "ebx"
C:\Proga for BSU\BSU-SecondTerm\HW 17.03.2022\Project1\Source.cpp(16,8): error C2065: ebx: необъявленный идентификатор
C:\Proga for BSU\BSU-SecondTerm\HW 17.03.2022\Project1\Source.cpp(17,4): error C2146: синтаксическая ошибка: отсутствие ";" перед идентификатором "cdq"
C:\Proga for BSU\BSU-SecondTerm\HW 17.03.2022\Project1\Source.cpp(17,4): error C2065: cdq: необъявленный идентификатор
C:\Proga for BSU\BSU-SecondTerm\HW 17.03.2022\Project1\Source.cpp(18,4): error C2146: синтаксическая ошибка: отсутствие ";" перед идентификатором "idiv"
C:\Proga for BSU\BSU-SecondTerm\HW 17.03.2022\Project1\Source.cpp(18,4): error C2065: idiv: необъявленный идентификатор
C:\Proga for BSU\BSU-SecondTerm\HW 17.03.2022\Project1\Source.cpp(18,9): error C2146: синтаксическая ошибка: отсутствие ";" перед идентификатором "eax"
C:\Proga for BSU\BSU-SecondTerm\HW 17.03.2022\Project1\Source.cpp(18,9): error C2065: eax: необъявленный идентификатор
C:\Proga for BSU\BSU-SecondTerm\HW 17.03.2022\Project1\Source.cpp(19,4): error C2146: синтаксическая ошибка: отсутствие ";" перед идентификатором "mov"
C:\Proga for BSU\BSU-SecondTerm\HW 17.03.2022\Project1\Source.cpp(19,4): error C2065: mov: необъявленный идентификатор
C:\Proga for BSU\BSU-SecondTerm\HW 17.03.2022\Project1\Source.cpp(19,8): error C2146: синтаксическая ошибка: отсутствие ";" перед идентификатором "denom_"
C:\Proga for BSU\BSU-SecondTerm\HW 17.03.2022\Project1\Source.cpp(19,16): error C2065: eax: необъявленный идентификатор
C:\Proga for BSU\BSU-SecondTerm\HW 17.03.2022\Project1\Source.cpp(19,21): error C2065: denom: необъявленный идентификатор
C:\Proga for BSU\BSU-SecondTerm\HW 17.03.2022\Project1\Source.cpp(20,4): error C2146: синтаксическая ошибка: отсутствие ";" перед идентификатором "jmp"
C:\Proga for BSU\BSU-SecondTerm\HW 17.03.2022\Project1\Source.cpp(20,4): error C2065: jmp: необъявленный идентификатор
C:\Proga for BSU\BSU-SecondTerm\HW 17.03.2022\Project1\Source.cpp(20,8): error C2146: синтаксическая ошибка: отсутствие ";" перед идентификатором "end_"
C:\Proga for BSU\BSU-SecondTerm\HW 17.03.2022\Project1\Source.cpp(20,8): error C2065: end_: необъявленный идентификатор
C:\Proga for BSU\BSU-SecondTerm\HW 17.03.2022\Project1\Source.cpp(21,10): error C2059: синтаксическая ошибка: :
C:\Proga for BSU\BSU-SecondTerm\HW 17.03.2022\Project1\Source.cpp(24,4): error C2065: jg: необъявленный идентификатор
C:\Proga for BSU\BSU-SecondTerm\HW 17.03.2022\Project1\Source.cpp(24,7): error C2146: синтаксическая ошибка: отсутствие ";" перед идентификатором "num_gr_den"
C:\Proga for BSU\BSU-SecondTerm\HW 17.03.2022\Project1\Source.cpp(24,7): error C2065: num_gr_den: необъявленный идентификатор
C:\Proga for BSU\BSU-SecondTerm\HW 17.03.2022\Project1\Source.cpp(24,19): error C2065: jump: необъявленный идентификатор
C:\Proga for BSU\BSU-SecondTerm\HW 17.03.2022\Project1\Source.cpp(24,25): error C2146: синтаксическая ошибка: отсутствие ";" перед идентификатором "num"
C:\Proga for BSU\BSU-SecondTerm\HW 17.03.2022\Project1\Source.cpp(24,25): error C2065: num: необъявленный идентификатор
C:\Proga for BSU\BSU-SecondTerm\HW 17.03.2022\Project1\Source.cpp(24,31): error C2065: den: необъявленный идентификатор
C:\Proga for BSU\BSU-SecondTerm\HW 17.03.2022\Project1\Source.cpp(25,5): error C2146: синтаксическая ошибка: отсутствие ";" перед идентификатором "beg_1"
C:\Proga for BSU\BSU-SecondTerm\HW 17.03.2022\Project1\Source.cpp(26,6): error C2065: mov: необъявленный идентификатор
C:\Proga for BSU\BSU-SecondTerm\HW 17.03.2022\Project1\Source.cpp(26,10): error C2146: синтаксическая ошибка: отсутствие ";" перед идентификатором "eax"
C:\Proga for BSU\BSU-SecondTerm\HW 17.03.2022\Project1\Source.cpp(26,10): error C2065: eax: необъявленный идентификатор
C:\Proga for BSU\BSU-SecondTerm\HW 17.03.2022\Project1\Source.cpp(27,6): error C2146: синтаксическая ошибка: отсутствие ";" перед идентификатором "cmp"
C:\Proga for BSU\BSU-SecondTerm\HW 17.03.2022\Project1\Source.cpp(27,6): error C2065: cmp: необъявленный идентификатор
C:\Proga for BSU\BSU-SecondTerm\HW 17.03.2022\Project1\Source.cpp(27,10): error C2146: синтаксическая ошибка: отсутствие ";" перед идентификатором "eax"
C:\Proga for BSU\BSU-SecondTerm\HW 17.03.2022\Project1\Source.cpp(27,10): error C2065: eax: необъявленный идентификатор
C:\Proga for BSU\BSU-SecondTerm\HW 17.03.2022\Project1\Source.cpp(28,6): error C2146: синтаксическая ошибка: отсутствие ";" перед идентификатором "jnge"
C:\Proga for BSU\BSU-SecondTerm\HW 17.03.2022\Project1\Source.cpp(28,6): error C2065: jnge: необъявленный идентификатор
C:\Proga for BSU\BSU-SecondTerm\HW 17.03.2022\Project1\Source.cpp(28,11): error C2146: синтаксическая ошибка: отсутствие ";" перед идентификатором "end_1"
C:\Proga for BSU\BSU-SecondTerm\HW 17.03.2022\Project1\Source.cpp(28,11): error C2065: end_1: необъявленный идентификатор
C:\Proga for BSU\BSU-SecondTerm\HW 17.03.2022\Project1\Source.cpp(29,6): error C2146: синтаксическая ошибка: отсутствие ";" перед идентификатором "sub"
C:\Proga for BSU\BSU-SecondTerm\HW 17.03.2022\Project1\Source.cpp(29,6): error C2065: sub: необъявленный идентификатор
C:\Proga for BSU\BSU-SecondTerm\HW 17.03.2022\Project1\Source.cpp(29,10): error C2146: синтаксическая ошибка: отсутствие ";" перед идентификатором "eax"
C:\Proga for BSU\BSU-SecondTerm\HW 17.03.2022\Project1\Source.cpp(29,10): error C2065: eax: необъявленный идентификатор
C:\Proga for BSU\BSU-SecondTerm\HW 17.03.2022\Project1\Source.cpp(29,24): error C2065: denom1: необъявленный идентификатор
C:\Proga for BSU\BSU-SecondTerm\HW 17.03.2022\Project1\Source.cpp(29,34): error C2065: denom: необъявленный идентификатор
C:\Proga for BSU\BSU-SecondTerm\HW 17.03.2022\Project1\Source.cpp(29,42): error C2065: numer: необъявленный идентификатор
C:\Proga for BSU\BSU-SecondTerm\HW 17.03.2022\Project1\Source.cpp(30,6): error C2146: синтаксическая ошибка: отсутствие ";" перед идентификатором "cmp"
C:\Proga for BSU\BSU-SecondTerm\HW 17.03.2022\Project1\Source.cpp(30,6): error C2065: cmp: необъявленный идентификатор
C:\Proga for BSU\BSU-SecondTerm\HW 17.03.2022\Project1\Source.cpp(30,10): error C2146: синтаксическая ошибка: отсутствие ";" перед идентификатором "eax"
C:\Proga for BSU\BSU-SecondTerm\HW 17.03.2022\Project1\Source.cpp(30,10): error C2065: eax: необъявленный идентификатор
C:\Proga for BSU\BSU-SecondTerm\HW 17.03.2022\Project1\Source.cpp(31,6): error C2146: синтаксическая ошибка: отсутствие ";" перед идентификатором "jl"
C:\Proga for BSU\BSU-SecondTerm\HW 17.03.2022\Project1\Source.cpp(31,6): error C2065: jl: необъявленный идентификатор
C:\Proga for BSU\BSU-SecondTerm\HW 17.03.2022\Project1\Source.cpp(31,9): error C2146: синтаксическая ошибка: отсутствие ";" перед идентификатором "subnum_less"
C:\Proga for BSU\BSU-SecondTerm\HW 17.03.2022\Project1\Source.cpp(31,9): error C2065: subnum_less: необъявленный идентификатор
C:\Proga for BSU\BSU-SecondTerm\HW 17.03.2022\Project1\Source.cpp(31,23): error C2065: jump: необъявленный идентификатор
C:\Proga for BSU\BSU-SecondTerm\HW 17.03.2022\Project1\Source.cpp(31,29): error C2146: синтаксическая ошибка: отсутствие ";" перед идентификатором "denom1"
C:\Proga for BSU\BSU-SecondTerm\HW 17.03.2022\Project1\Source.cpp(31,29): error C2065: denom1: необъявленный идентификатор
C:\Proga for BSU\BSU-SecondTerm\HW 17.03.2022\Project1\Source.cpp(31,38): error C2065: numer: необъявленный идентификатор
C:\Proga for BSU\BSU-SecondTerm\HW 17.03.2022\Project1\Source.cpp(32,7): error C2146: синтаксическая ошибка: отсутствие ";" перед идентификатором "mov"
C:\Proga for BSU\BSU-SecondTerm\HW 17.03.2022\Project1\Source.cpp(32,7): error C2065: mov: необъявленный идентификатор
C:\Proga for BSU\BSU-SecondTerm\HW 17.03.2022\Project1\Source.cpp(32,11): error C2146: синтаксическая ошибка: отсутствие ";" перед идентификатором "edx"
C:\Proga for BSU\BSU-SecondTerm\HW 17.03.2022\Project1\Source.cpp(32,11): error C2065: edx: необъявленный идентификатор
C:\Proga for BSU\BSU-SecondTerm\HW 17.03.2022\Project1\Source.cpp(33,7): error C2146: синтаксическая ошибка: отсутствие ";" перед идентификатором "mov"
C:\Proga for BSU\BSU-SecondTerm\HW 17.03.2022\Project1\Source.cpp(33,7): error C2065: mov: необъявленный идентификатор
C:\Proga for BSU\BSU-SecondTerm\HW 17.03.2022\Project1\Source.cpp(33,11): error C2146: синтаксическая ошибка: отсутствие ";" перед идентификатором "NOD"
C:\Proga for BSU\BSU-SecondTerm\HW 17.03.2022\Project1\Source.cpp(33,16): error C2065: edx: необъявленный идентификатор
C:\Proga for BSU\BSU-SecondTerm\HW 17.03.2022\Project1\Source.cpp(34,7): error C2146: синтаксическая ошибка: отсутствие ";" перед идентификатором "jmp"
C:\Proga for BSU\BSU-SecondTerm\HW 17.03.2022\Project1\Source.cpp(34,7): error C2065: jmp: необъявленный идентификатор
C:\Proga for BSU\BSU-SecondTerm\HW 17.03.2022\Project1\Source.cpp(34,11): error C2146: синтаксическая ошибка: отсутствие ";" перед идентификатором "end_1"
C:\Proga for BSU\BSU-SecondTerm\HW 17.03.2022\Project1\Source.cpp(34,11): error C2065: end_1: необъявленный идентификатор
C:\Proga for BSU\BSU-SecondTerm\HW 17.03.2022\Project1\Source.cpp(35,6): error C2146: синтаксическая ошибка: отсутствие ";" перед идентификатором "subnum_less"
C:\Proga for BSU\BSU-SecondTerm\HW 17.03.2022\Project1\Source.cpp(36,7): error C2065: mov: необъявленный идентификатор
C:\Proga for BSU\BSU-SecondTerm\HW 17.03.2022\Project1\Source.cpp(36,11): error C2146: синтаксическая ошибка: отсутствие ";" перед идентификатором "edx"
C:\Proga for BSU\BSU-SecondTerm\HW 17.03.2022\Project1\Source.cpp(36,14): fatal error C1003: число ошибок превышает 100; остановка компиляции
